2020-06-12 00:05:54,868 WARN clearConfigHistory start

2020-06-12 00:07:29,439 INFO [capacityManagement] start correct usage

2020-06-12 00:07:29,443 INFO [capacityManagement] end correct usage, cost: 0s

2020-06-12 00:15:55,716 WARN clearConfigHistory start

2020-06-12 00:17:30,264 INFO [capacityManagement] start correct usage

2020-06-12 00:17:30,265 INFO [capacityManagement] end correct usage, cost: 0s

2020-06-12 00:25:55,726 WARN clearConfigHistory start

2020-06-12 00:27:30,274 INFO [capacityManagement] start correct usage

2020-06-12 00:27:30,274 INFO [capacityManagement] end correct usage, cost: 0s

2020-06-12 00:35:55,731 WARN clearConfigHistory start

2020-06-12 00:37:30,278 INFO [capacityManagement] start correct usage

2020-06-12 00:37:30,279 INFO [capacityManagement] end correct usage, cost: 0s

2020-06-12 00:45:55,746 WARN clearConfigHistory start

2020-06-12 00:47:30,293 INFO [capacityManagement] start correct usage

2020-06-12 00:47:30,293 INFO [capacityManagement] end correct usage, cost: 0s

2020-06-12 00:55:55,750 WARN clearConfigHistory start

2020-06-12 00:57:30,295 INFO [capacityManagement] start correct usage

2020-06-12 00:57:30,296 INFO [capacityManagement] end correct usage, cost: 0s

2020-06-12 01:05:55,747 WARN clearConfigHistory start

2020-06-12 01:07:30,295 INFO [capacityManagement] start correct usage

2020-06-12 01:07:30,295 INFO [capacityManagement] end correct usage, cost: 0s

2020-06-12 01:15:55,753 WARN clearConfigHistory start

2020-06-12 01:17:30,303 INFO [capacityManagement] start correct usage

2020-06-12 01:17:30,303 INFO [capacityManagement] end correct usage, cost: 0s

2020-06-12 01:25:55,763 WARN clearConfigHistory start

2020-06-12 01:27:30,312 INFO [capacityManagement] start correct usage

2020-06-12 01:27:30,312 INFO [capacityManagement] end correct usage, cost: 0s

2020-06-12 01:35:55,759 WARN clearConfigHistory start

2020-06-12 01:37:30,307 INFO [capacityManagement] start correct usage

2020-06-12 01:37:30,308 INFO [capacityManagement] end correct usage, cost: 0s

2020-06-12 01:45:55,756 WARN clearConfigHistory start

2020-06-12 01:47:30,307 INFO [capacityManagement] start correct usage

2020-06-12 01:47:30,307 INFO [capacityManagement] end correct usage, cost: 0s

2020-06-12 01:55:55,770 WARN clearConfigHistory start

2020-06-12 01:57:30,320 INFO [capacityManagement] start correct usage

2020-06-12 01:57:30,320 INFO [capacityManagement] end correct usage, cost: 0s

2020-06-12 02:05:55,777 WARN clearConfigHistory start

2020-06-12 02:07:30,325 INFO [capacityManagement] start correct usage

2020-06-12 02:07:30,329 INFO [capacityManagement] end correct usage, cost: 0s

2020-06-12 02:15:55,781 WARN clearConfigHistory start

2020-06-12 02:17:30,334 INFO [capacityManagement] start correct usage

2020-06-12 02:17:30,334 INFO [capacityManagement] end correct usage, cost: 0s

2020-06-12 02:25:55,791 WARN clearConfigHistory start

2020-06-12 02:27:30,347 INFO [capacityManagement] start correct usage

2020-06-12 02:27:30,348 INFO [capacityManagement] end correct usage, cost: 0s

2020-06-12 02:35:55,894 WARN clearConfigHistory start

2020-06-12 02:37:30,358 INFO [capacityManagement] start correct usage

2020-06-12 02:37:30,358 INFO [capacityManagement] end correct usage, cost: 0s

2020-06-12 02:45:55,887 WARN clearConfigHistory start

2020-06-12 02:47:30,349 INFO [capacityManagement] start correct usage

2020-06-12 02:47:30,350 INFO [capacityManagement] end correct usage, cost: 0s

2020-06-12 02:55:55,886 WARN clearConfigHistory start

2020-06-12 02:57:30,352 INFO [capacityManagement] start correct usage

2020-06-12 02:57:30,352 INFO [capacityManagement] end correct usage, cost: 0s

2020-06-12 03:05:55,899 WARN clearConfigHistory start

2020-06-12 03:07:30,365 INFO [capacityManagement] start correct usage

2020-06-12 03:07:30,365 INFO [capacityManagement] end correct usage, cost: 0s

2020-06-12 03:15:55,907 WARN clearConfigHistory start

2020-06-12 03:17:30,371 INFO [capacityManagement] start correct usage

2020-06-12 03:17:30,376 INFO [capacityManagement] end correct usage, cost: 0s

2020-06-12 03:25:55,910 WARN clearConfigHistory start

2020-06-12 03:27:30,380 INFO [capacityManagement] start correct usage

2020-06-12 03:27:30,380 INFO [capacityManagement] end correct usage, cost: 0s

2020-06-12 03:35:55,915 WARN clearConfigHistory start

2020-06-12 03:37:30,385 INFO [capacityManagement] start correct usage

2020-06-12 03:37:30,386 INFO [capacityManagement] end correct usage, cost: 0s

2020-06-12 03:45:55,920 WARN clearConfigHistory start

2020-06-12 03:47:30,391 INFO [capacityManagement] start correct usage

2020-06-12 03:47:30,393 INFO [capacityManagement] end correct usage, cost: 0s

2020-06-12 03:55:55,925 WARN clearConfigHistory start

2020-06-12 03:57:30,396 INFO [capacityManagement] start correct usage

2020-06-12 03:57:30,396 INFO [capacityManagement] end correct usage, cost: 0s

2020-06-12 04:05:55,929 WARN clearConfigHistory start

2020-06-12 04:07:30,399 INFO [capacityManagement] start correct usage

2020-06-12 04:07:30,399 INFO [capacityManagement] end correct usage, cost: 0s

2020-06-12 04:15:55,933 WARN clearConfigHistory start

2020-06-12 04:17:30,406 INFO [capacityManagement] start correct usage

2020-06-12 04:17:30,406 INFO [capacityManagement] end correct usage, cost: 0s

2020-06-12 04:25:55,935 WARN clearConfigHistory start

2020-06-12 04:27:30,409 INFO [capacityManagement] start correct usage

2020-06-12 04:27:30,409 INFO [capacityManagement] end correct usage, cost: 0s

2020-06-12 04:35:55,941 WARN clearConfigHistory start

2020-06-12 04:37:30,415 INFO [capacityManagement] start correct usage

2020-06-12 04:37:30,415 INFO [capacityManagement] end correct usage, cost: 0s

2020-06-12 04:45:55,943 WARN clearConfigHistory start

2020-06-12 04:47:30,417 INFO [capacityManagement] start correct usage

2020-06-12 04:47:30,417 INFO [capacityManagement] end correct usage, cost: 0s

2020-06-12 04:55:55,944 WARN clearConfigHistory start

2020-06-12 04:57:30,418 INFO [capacityManagement] start correct usage

2020-06-12 04:57:30,419 INFO [capacityManagement] end correct usage, cost: 0s

2020-06-12 05:05:55,947 WARN clearConfigHistory start

2020-06-12 05:07:30,422 INFO [capacityManagement] start correct usage

2020-06-12 05:07:30,422 INFO [capacityManagement] end correct usage, cost: 0s

2020-06-12 05:15:55,950 WARN clearConfigHistory start

2020-06-12 05:17:30,425 INFO [capacityManagement] start correct usage

2020-06-12 05:17:30,426 INFO [capacityManagement] end correct usage, cost: 0s

2020-06-12 05:25:55,956 WARN clearConfigHistory start

2020-06-12 05:27:30,432 INFO [capacityManagement] start correct usage

2020-06-12 05:27:30,432 INFO [capacityManagement] end correct usage, cost: 0s

2020-06-12 05:35:55,957 WARN clearConfigHistory start

2020-06-12 05:37:30,433 INFO [capacityManagement] start correct usage

2020-06-12 05:37:30,434 INFO [capacityManagement] end correct usage, cost: 0s

2020-06-12 05:45:55,959 WARN clearConfigHistory start

2020-06-12 05:47:30,437 INFO [capacityManagement] start correct usage

2020-06-12 05:47:30,437 INFO [capacityManagement] end correct usage, cost: 0s

2020-06-12 05:55:55,967 WARN clearConfigHistory start

2020-06-12 05:57:30,445 INFO [capacityManagement] start correct usage

2020-06-12 05:57:30,446 INFO [capacityManagement] end correct usage, cost: 0s

2020-06-12 06:05:55,970 WARN clearConfigHistory start

2020-06-12 06:07:30,450 INFO [capacityManagement] start correct usage

2020-06-12 06:07:30,450 INFO [capacityManagement] end correct usage, cost: 0s

2020-06-12 06:15:55,976 WARN clearConfigHistory start

2020-06-12 06:17:30,456 INFO [capacityManagement] start correct usage

2020-06-12 06:17:30,456 INFO [capacityManagement] end correct usage, cost: 0s

2020-06-12 06:25:55,980 WARN clearConfigHistory start

2020-06-12 06:27:30,460 INFO [capacityManagement] start correct usage

2020-06-12 06:27:30,460 INFO [capacityManagement] end correct usage, cost: 0s

2020-06-12 06:35:55,985 WARN clearConfigHistory start

2020-06-12 06:37:30,466 INFO [capacityManagement] start correct usage

2020-06-12 06:37:30,467 INFO [capacityManagement] end correct usage, cost: 0s

2020-06-12 06:45:55,987 WARN clearConfigHistory start

2020-06-12 06:47:30,467 INFO [capacityManagement] start correct usage

2020-06-12 06:47:30,468 INFO [capacityManagement] end correct usage, cost: 0s

2020-06-12 06:55:55,990 WARN clearConfigHistory start

2020-06-12 06:57:30,472 INFO [capacityManagement] start correct usage

2020-06-12 06:57:30,472 INFO [capacityManagement] end correct usage, cost: 0s

2020-06-12 07:05:55,995 WARN clearConfigHistory start

2020-06-12 07:07:30,476 INFO [capacityManagement] start correct usage

2020-06-12 07:07:30,477 INFO [capacityManagement] end correct usage, cost: 0s

2020-06-12 07:15:56,000 WARN clearConfigHistory start

2020-06-12 07:17:30,483 INFO [capacityManagement] start correct usage

2020-06-12 07:17:30,483 INFO [capacityManagement] end correct usage, cost: 0s

2020-06-12 07:25:56,003 WARN clearConfigHistory start

2020-06-12 07:27:30,486 INFO [capacityManagement] start correct usage

2020-06-12 07:27:30,486 INFO [capacityManagement] end correct usage, cost: 0s

2020-06-12 07:35:56,009 WARN clearConfigHistory start

2020-06-12 07:37:30,492 INFO [capacityManagement] start correct usage

2020-06-12 07:37:30,493 INFO [capacityManagement] end correct usage, cost: 0s

2020-06-12 07:45:56,012 WARN clearConfigHistory start

2020-06-12 07:47:30,497 INFO [capacityManagement] start correct usage

2020-06-12 07:47:30,497 INFO [capacityManagement] end correct usage, cost: 0s

2020-06-12 07:55:56,013 WARN clearConfigHistory start

2020-06-12 07:57:30,498 INFO [capacityManagement] start correct usage

2020-06-12 07:57:30,499 INFO [capacityManagement] end correct usage, cost: 0s

2020-06-12 08:05:56,020 WARN clearConfigHistory start

2020-06-12 08:07:30,508 INFO [capacityManagement] start correct usage

2020-06-12 08:07:30,508 INFO [capacityManagement] end correct usage, cost: 0s

2020-06-12 08:15:56,027 WARN clearConfigHistory start

2020-06-12 08:17:30,513 INFO [capacityManagement] start correct usage

2020-06-12 08:17:30,514 INFO [capacityManagement] end correct usage, cost: 0s

2020-06-12 08:25:56,032 WARN clearConfigHistory start

2020-06-12 08:27:30,520 INFO [capacityManagement] start correct usage

2020-06-12 08:27:30,520 INFO [capacityManagement] end correct usage, cost: 0s

2020-06-12 08:35:56,037 WARN clearConfigHistory start

2020-06-12 08:37:30,525 INFO [capacityManagement] start correct usage

2020-06-12 08:37:30,525 INFO [capacityManagement] end correct usage, cost: 0s

2020-06-12 08:45:56,040 WARN clearConfigHistory start

2020-06-12 08:47:30,529 INFO [capacityManagement] start correct usage

2020-06-12 08:47:30,529 INFO [capacityManagement] end correct usage, cost: 0s

2020-06-12 08:55:56,045 WARN clearConfigHistory start

2020-06-12 08:57:30,534 INFO [capacityManagement] start correct usage

2020-06-12 08:57:30,534 INFO [capacityManagement] end correct usage, cost: 0s

2020-06-12 09:05:56,050 WARN clearConfigHistory start

2020-06-12 09:07:30,540 INFO [capacityManagement] start correct usage

2020-06-12 09:07:30,541 INFO [capacityManagement] end correct usage, cost: 0s

2020-06-12 09:15:56,052 WARN clearConfigHistory start

2020-06-12 09:17:30,543 INFO [capacityManagement] start correct usage

2020-06-12 09:17:30,543 INFO [capacityManagement] end correct usage, cost: 0s

2020-06-12 09:25:56,057 WARN clearConfigHistory start

2020-06-12 09:27:30,549 INFO [capacityManagement] start correct usage

2020-06-12 09:27:30,550 INFO [capacityManagement] end correct usage, cost: 0s

2020-06-12 09:35:56,060 WARN clearConfigHistory start

2020-06-12 09:37:30,553 INFO [capacityManagement] start correct usage

2020-06-12 09:37:30,553 INFO [capacityManagement] end correct usage, cost: 0s

2020-06-12 09:45:56,065 WARN clearConfigHistory start

2020-06-12 09:47:30,558 INFO [capacityManagement] start correct usage

2020-06-12 09:47:30,558 INFO [capacityManagement] end correct usage, cost: 0s

2020-06-12 09:55:56,072 WARN clearConfigHistory start

2020-06-12 09:57:30,563 INFO [capacityManagement] start correct usage

2020-06-12 09:57:30,563 INFO [capacityManagement] end correct usage, cost: 0s

2020-06-12 10:05:56,075 WARN clearConfigHistory start

2020-06-12 10:07:30,564 INFO [capacityManagement] start correct usage

2020-06-12 10:07:30,564 INFO [capacityManagement] end correct usage, cost: 0s

2020-06-12 10:15:56,077 WARN clearConfigHistory start

2020-06-12 10:17:30,568 INFO [capacityManagement] start correct usage

2020-06-12 10:17:30,569 INFO [capacityManagement] end correct usage, cost: 0s

2020-06-12 10:25:56,087 WARN clearConfigHistory start

2020-06-12 10:27:30,581 INFO [capacityManagement] start correct usage

2020-06-12 10:27:30,581 INFO [capacityManagement] end correct usage, cost: 0s

2020-06-12 10:35:56,098 WARN clearConfigHistory start

2020-06-12 10:37:30,591 INFO [capacityManagement] start correct usage

2020-06-12 10:37:30,592 INFO [capacityManagement] end correct usage, cost: 0s

2020-06-12 10:45:56,107 WARN clearConfigHistory start

2020-06-12 10:47:30,601 INFO [capacityManagement] start correct usage

2020-06-12 10:47:30,606 INFO [capacityManagement] end correct usage, cost: 0s

2020-06-12 10:55:56,116 WARN clearConfigHistory start

2020-06-12 10:57:30,615 INFO [capacityManagement] start correct usage

2020-06-12 10:57:30,615 INFO [capacityManagement] end correct usage, cost: 0s

2020-06-12 11:05:56,136 WARN clearConfigHistory start

2020-06-12 11:07:30,635 INFO [capacityManagement] start correct usage

2020-06-12 11:07:30,636 INFO [capacityManagement] end correct usage, cost: 0s

2020-06-12 11:15:56,144 WARN clearConfigHistory start

2020-06-12 11:17:30,641 INFO [capacityManagement] start correct usage

2020-06-12 11:17:30,641 INFO [capacityManagement] end correct usage, cost: 0s

2020-06-12 11:25:56,150 WARN clearConfigHistory start

2020-06-12 11:27:30,646 INFO [capacityManagement] start correct usage

2020-06-12 11:27:30,646 INFO [capacityManagement] end correct usage, cost: 0s

2020-06-12 11:35:56,155 WARN clearConfigHistory start

2020-06-12 11:37:30,651 INFO [capacityManagement] start correct usage

2020-06-12 11:37:30,652 INFO [capacityManagement] end correct usage, cost: 0s

2020-06-12 11:45:56,164 WARN clearConfigHistory start

2020-06-12 11:47:30,688 INFO [capacityManagement] start correct usage

2020-06-12 11:47:30,691 INFO [capacityManagement] end correct usage, cost: 0s

2020-06-12 11:55:56,170 WARN clearConfigHistory start

2020-06-12 11:57:30,696 INFO [capacityManagement] start correct usage

2020-06-12 11:57:30,697 INFO [capacityManagement] end correct usage, cost: 0s

2020-06-12 12:05:56,196 WARN clearConfigHistory start

2020-06-12 12:07:30,702 INFO [capacityManagement] start correct usage

2020-06-12 12:07:30,703 INFO [capacityManagement] end correct usage, cost: 0s

2020-06-12 12:15:56,202 WARN clearConfigHistory start

2020-06-12 12:17:30,708 INFO [capacityManagement] start correct usage

2020-06-12 12:17:30,708 INFO [capacityManagement] end correct usage, cost: 0s

2020-06-12 12:25:56,214 WARN clearConfigHistory start

2020-06-12 12:27:30,719 INFO [capacityManagement] start correct usage

2020-06-12 12:27:30,719 INFO [capacityManagement] end correct usage, cost: 0s

2020-06-12 12:35:56,221 WARN clearConfigHistory start

2020-06-12 12:37:30,723 INFO [capacityManagement] start correct usage

2020-06-12 12:37:30,724 INFO [capacityManagement] end correct usage, cost: 0s

2020-06-12 12:45:56,216 WARN clearConfigHistory start

2020-06-12 12:47:30,718 INFO [capacityManagement] start correct usage

2020-06-12 12:47:30,721 INFO [capacityManagement] end correct usage, cost: 0s

2020-06-12 12:55:56,213 WARN clearConfigHistory start

2020-06-12 12:57:30,718 INFO [capacityManagement] start correct usage

2020-06-12 12:57:30,719 INFO [capacityManagement] end correct usage, cost: 0s

2020-06-12 13:05:56,210 WARN clearConfigHistory start

2020-06-12 13:07:30,718 INFO [capacityManagement] start correct usage

2020-06-12 13:07:30,718 INFO [capacityManagement] end correct usage, cost: 0s

2020-06-12 13:15:56,211 WARN clearConfigHistory start

2020-06-12 13:17:30,719 INFO [capacityManagement] start correct usage

2020-06-12 13:17:30,719 INFO [capacityManagement] end correct usage, cost: 0s

2020-06-12 13:25:56,213 WARN clearConfigHistory start

2020-06-12 13:27:30,720 INFO [capacityManagement] start correct usage

2020-06-12 13:27:30,720 INFO [capacityManagement] end correct usage, cost: 0s

2020-06-12 13:35:56,214 WARN clearConfigHistory start

2020-06-12 13:37:30,722 INFO [capacityManagement] start correct usage

2020-06-12 13:37:30,722 INFO [capacityManagement] end correct usage, cost: 0s

2020-06-12 13:45:56,216 WARN clearConfigHistory start

2020-06-12 13:47:30,722 INFO [capacityManagement] start correct usage

2020-06-12 13:47:30,723 INFO [capacityManagement] end correct usage, cost: 0s

2020-06-12 13:55:56,218 WARN clearConfigHistory start

2020-06-12 13:57:30,724 INFO [capacityManagement] start correct usage

2020-06-12 13:57:30,724 INFO [capacityManagement] end correct usage, cost: 0s

2020-06-12 14:05:56,219 WARN clearConfigHistory start

2020-06-12 14:07:30,725 INFO [capacityManagement] start correct usage

2020-06-12 14:07:30,726 INFO [capacityManagement] end correct usage, cost: 0s

2020-06-12 14:15:56,221 WARN clearConfigHistory start

2020-06-12 14:17:30,729 INFO [capacityManagement] start correct usage

2020-06-12 14:17:30,730 INFO [capacityManagement] end correct usage, cost: 0s

2020-06-12 14:25:56,228 WARN clearConfigHistory start

2020-06-12 14:27:30,736 INFO [capacityManagement] start correct usage

2020-06-12 14:27:30,736 INFO [capacityManagement] end correct usage, cost: 0s

2020-06-12 14:35:56,232 WARN clearConfigHistory start

2020-06-12 14:37:30,739 INFO [capacityManagement] start correct usage

2020-06-12 14:37:30,739 INFO [capacityManagement] end correct usage, cost: 0s

2020-06-12 14:45:56,234 WARN clearConfigHistory start

2020-06-12 14:47:30,741 INFO [capacityManagement] start correct usage

2020-06-12 14:47:30,741 INFO [capacityManagement] end correct usage, cost: 0s

2020-06-12 14:55:56,236 WARN clearConfigHistory start

2020-06-12 14:57:30,742 INFO [capacityManagement] start correct usage

2020-06-12 14:57:30,776 INFO [capacityManagement] end correct usage, cost: 0s

2020-06-12 15:05:56,241 WARN clearConfigHistory start

2020-06-12 15:07:30,779 INFO [capacityManagement] start correct usage

2020-06-12 15:07:30,780 INFO [capacityManagement] end correct usage, cost: 0s

2020-06-12 15:15:56,246 WARN clearConfigHistory start

2020-06-12 15:17:30,785 INFO [capacityManagement] start correct usage

2020-06-12 15:17:30,785 INFO [capacityManagement] end correct usage, cost: 0s

2020-06-12 15:25:56,252 WARN clearConfigHistory start

2020-06-12 15:27:30,792 INFO [capacityManagement] start correct usage

2020-06-12 15:27:30,796 INFO [capacityManagement] end correct usage, cost: 0s

2020-06-12 15:35:56,255 WARN clearConfigHistory start

2020-06-12 15:37:30,800 INFO [capacityManagement] start correct usage

2020-06-12 15:37:30,800 INFO [capacityManagement] end correct usage, cost: 0s

2020-06-12 15:45:56,262 WARN clearConfigHistory start

2020-06-12 15:47:30,805 INFO [capacityManagement] start correct usage

2020-06-12 15:47:30,805 INFO [capacityManagement] end correct usage, cost: 0s

2020-06-12 15:55:56,268 WARN clearConfigHistory start

2020-06-12 15:57:30,810 INFO [capacityManagement] start correct usage

2020-06-12 15:57:30,934 INFO [capacityManagement] end correct usage, cost: 0s

2020-06-12 16:05:56,272 WARN clearConfigHistory start

2020-06-12 16:07:30,937 INFO [capacityManagement] start correct usage

2020-06-12 16:07:30,938 INFO [capacityManagement] end correct usage, cost: 0s

2020-06-12 16:09:30,155 INFO Shutting down ExecutorService 'taskScheduler'

2020-06-12 16:09:30,528 INFO Shutting down ExecutorService 'applicationTaskExecutor'

2020-06-13 10:37:40,525 INFO Starting Nacos v1.0.0 on xiaoph-pc with PID 1960 (D:\Java\nacos-server-1.0.0\nacos\target\nacos-server.jar started by xiaoph in D:\Java\nacos-server-1.0.0\nacos\bin)

2020-06-13 10:37:40,525 INFO The following profiles are active: standalone

2020-06-13 10:37:42,672 INFO Bean 'org.springframework.security.config.annotation.configuration.ObjectPostProcessorConfiguration' of type [org.springframework.security.config.annotation.configuration.ObjectPostProcessorConfiguration$$EnhancerBySpringCGLIB$$a2cf23ab] is not eligible for getting processed by all BeanPostProcessors (for example: not eligible for auto-proxying)

2020-06-13 10:37:42,804 INFO Bean 'objectPostProcessor' of type [org.springframework.security.config.annotation.configuration.AutowireBeanFactoryObjectPostProcessor] is not eligible for getting processed by all BeanPostProcessors (for example: not eligible for auto-proxying)

2020-06-13 10:37:42,804 INFO Bean 'org.springframework.security.access.expression.method.DefaultMethodSecurityExpressionHandler@470734c3' of type [org.springframework.security.access.expression.method.DefaultMethodSecurityExpressionHandler] is not eligible for getting processed by all BeanPostProcessors (for example: not eligible for auto-proxying)

2020-06-13 10:37:42,804 INFO Bean 'org.springframework.security.config.annotation.method.configuration.GlobalMethodSecurityConfiguration' of type [org.springframework.security.config.annotation.method.configuration.GlobalMethodSecurityConfiguration$$EnhancerBySpringCGLIB$$c7a3c65d] is not eligible for getting processed by all BeanPostProcessors (for example: not eligible for auto-proxying)

2020-06-13 10:37:42,820 INFO Bean 'methodSecurityMetadataSource' of type [org.springframework.security.access.method.DelegatingMethodSecurityMetadataSource] is not eligible for getting processed by all BeanPostProcessors (for example: not eligible for auto-proxying)

2020-06-13 10:37:43,632 INFO Tomcat initialized with port(s): 8848 (http)

2020-06-13 10:37:43,663 INFO Starting service [Tomcat]

2020-06-13 10:37:43,663 INFO Starting Servlet Engine: Apache Tomcat/9.0.13

2020-06-13 10:37:43,679 INFO The APR based Apache Tomcat Native library which allows optimal performance in production environments was not found on the java.library.path: [D:\Java\jdk1.8.0_151\bin;C:\WINDOWS\Sun\Java\bin;C:\WINDOWS\system32;C:\WINDOWS;C:\PROGRAMDATA\ORACLE\JAVA\JAVAPATH;C:\WINDOWS\SYSTEM32;C:\WINDOWS;C:\WINDOWS\SYSTEM32\WBEM;C:\WINDOWS\SYSTEM32\WINDOWSPOWERSHELL\V1.0\;D:\Java\maven\apache-maven-3.5.4\BIN;D:\JAVA\TORTOISESVN\BIN;D:\JAVA\MYSQL\MYSQL SERVER 5.7\BIN;D:\JAVA\NODEJS\;D:\Java\ideaIU-2017.1.2\BIN;D:\Java\jdk1.8.0_151\BIN;D:\Java\jdk1.8.0_151\JRE\BIN;D:\Java\hadoop\hadoop-2.6.1\BIN;D:\Java\scala-2.11.8\BIN;D:\java\erl9.0\BIN;D:\Java\RabbitMQ Server\rabbitmq_server-3.6.12\SBIN;D:\JAVA\GIT\CMD;D:\JAVA\TORTOISEGIT\BIN;D:\JAVA\MONGODB\SERVER\3.4\BIN;D:\Java\OpenSSL-Win64\bin;D:\java\Ruby25-x64\bin;C:\Users\xiaoph\AppData\Local\Microsoft\WindowsApps;C:\Users\xiaoph\AppData\Roaming\npm;C:\Users\xiaoph\AppData\Local\GitHubDesktop\bin;D:\Java\Microsoft VS Code\bin;.]

2020-06-13 10:37:43,804 INFO Initializing Spring embedded WebApplicationContext

2020-06-13 10:37:43,804 INFO Root WebApplicationContext: initialization completed in 3216 ms

2020-06-13 10:37:46,966 INFO Use Mysql as the driver

2020-06-13 10:37:47,648 INFO Initializing ExecutorService 'applicationTaskExecutor'

2020-06-13 10:37:47,935 INFO Adding welcome page: class path resource [static/index.html]

2020-06-13 10:37:49,124 INFO Creating filter chain: Ant [pattern='/'], []

2020-06-13 10:37:49,157 INFO Creating filter chain: Ant [pattern='/**/*.css'], []

2020-06-13 10:37:49,161 INFO Creating filter chain: Ant [pattern='/**/*.js'], []

2020-06-13 10:37:49,165 INFO Creating filter chain: Ant [pattern='/**/*.html'], []

2020-06-13 10:37:49,169 INFO Creating filter chain: Ant [pattern='/**/*.map'], []

2020-06-13 10:37:49,189 INFO Creating filter chain: Ant [pattern='/**/*.svg'], []

2020-06-13 10:37:49,205 INFO Creating filter chain: Ant [pattern='/**/*.png'], []

2020-06-13 10:37:49,213 INFO Creating filter chain: Ant [pattern='/**/*.ico'], []

2020-06-13 10:37:49,213 INFO Creating filter chain: Ant [pattern='/console-fe/public/**'], []

2020-06-13 10:37:49,217 INFO Creating filter chain: Ant [pattern='/v1/auth/login'], []

2020-06-13 10:37:49,233 INFO Creating filter chain: Ant [pattern='/v1/console/health/**'], []

2020-06-13 10:37:49,241 INFO Creating filter chain: Ant [pattern='/v1/cs/**'], []

2020-06-13 10:37:49,245 INFO Creating filter chain: Ant [pattern='/v1/ns/**'], []

2020-06-13 10:37:49,249 INFO Creating filter chain: Ant [pattern='/v1/cmdb/**'], []

2020-06-13 10:37:49,253 INFO Creating filter chain: Ant [pattern='/actuator/**'], []

2020-06-13 10:37:49,253 INFO Creating filter chain: Ant [pattern='/v1/console/server/**'], []

2020-06-13 10:37:49,325 INFO Creating filter chain: any request, [org.springframework.security.web.context.request.async.WebAsyncManagerIntegrationFilter@bff34c6, org.springframework.security.web.context.SecurityContextPersistenceFilter@43aaf813, org.springframework.security.web.header.HeaderWriterFilter@793138bd, org.springframework.security.web.authentication.logout.LogoutFilter@31e4bb20, com.alibaba.nacos.console.filter.JwtAuthenticationTokenFilter@1522d8a0, org.springframework.security.web.savedrequest.RequestCacheAwareFilter@4ba302e0, org.springframework.security.web.servletapi.SecurityContextHolderAwareRequestFilter@2f6e28bc, org.springframework.security.web.authentication.AnonymousAuthenticationFilter@312ab28e, org.springframework.security.web.session.SessionManagementFilter@5c18016b, org.springframework.security.web.access.ExceptionTranslationFilter@25bc0606, org.springframework.security.web.access.intercept.FilterSecurityInterceptor@758a34ce]

2020-06-13 10:37:49,413 INFO Exposing 2 endpoint(s) beneath base path '/actuator'

2020-06-13 10:37:49,477 INFO Initializing ExecutorService 'taskScheduler'

2020-06-13 10:37:49,685 INFO Tomcat started on port(s): 8848 (http) with context path '/nacos'

2020-06-13 10:37:49,701 INFO Started Nacos in 10.84 seconds (JVM running for 11.687)

2020-06-13 10:37:49,701 INFO Nacos Log files: D:\Java\nacos-server-1.0.0\nacos/logs/

2020-06-13 10:37:49,701 INFO Nacos Conf files: D:\Java\nacos-server-1.0.0\nacos/conf/

2020-06-13 10:37:49,701 INFO Nacos Data files: D:\Java\nacos-server-1.0.0\nacos/data/

2020-06-13 10:37:49,701 INFO Nacos started successfully in stand alone mode.

2020-06-13 10:37:52,030 INFO Initializing Spring DispatcherServlet 'dispatcherServlet'

2020-06-13 10:37:52,030 INFO Initializing Servlet 'dispatcherServlet'

2020-06-13 10:37:52,046 INFO Completed initialization in 16 ms

2020-06-13 10:38:03,525 ERROR Responding with unauthorized error. Message - Full authentication is required to access this resource

