2020-06-12 00:02:10,026 INFO [HEALTH-CHECK] health check is true

2020-06-12 00:04:22,248 WARN server beat out of date, current: {"adWeight":0,"alive":true,"ip":"10.20.6.209","key":"10.20.6.209:8848","lastRefTime":1591891462156,"lastRefTimeStr":"2020-06-12 00:04:22","servePort":8848,"site":"unknown","weight":2}, last: {"adWeight":0,"alive":false,"ip":"10.20.6.209","key":"10.20.6.209:8848","lastRefTime":1591891396674,"lastRefTimeStr":"2020-06-12 00:03:16","servePort":8848,"site":"unknown","weight":2}

2020-06-12 00:08:00,508 INFO [HEALTH-CHECK] health check is true

2020-06-12 00:13:01,057 INFO [HEALTH-CHECK] health check is true

2020-06-12 00:18:01,328 INFO [HEALTH-CHECK] health check is true

2020-06-12 00:23:01,332 INFO [HEALTH-CHECK] health check is true

2020-06-12 00:28:01,339 INFO [HEALTH-CHECK] health check is true

2020-06-12 00:33:01,341 INFO [HEALTH-CHECK] health check is true

2020-06-12 00:38:01,342 INFO [HEALTH-CHECK] health check is true

2020-06-12 00:43:01,353 INFO [HEALTH-CHECK] health check is true

2020-06-12 00:48:01,357 INFO [HEALTH-CHECK] health check is true

2020-06-12 00:53:01,360 INFO [HEALTH-CHECK] health check is true

2020-06-12 00:58:01,360 INFO [HEALTH-CHECK] health check is true

2020-06-12 01:03:01,359 INFO [HEALTH-CHECK] health check is true

2020-06-12 01:08:01,360 INFO [HEALTH-CHECK] health check is true

2020-06-12 01:13:01,363 INFO [HEALTH-CHECK] health check is true

2020-06-12 01:18:01,370 INFO [HEALTH-CHECK] health check is true

2020-06-12 01:23:01,375 INFO [HEALTH-CHECK] health check is true

2020-06-12 01:28:01,380 INFO [HEALTH-CHECK] health check is true

2020-06-12 01:33:01,378 INFO [HEALTH-CHECK] health check is true

2020-06-12 01:38:01,374 INFO [HEALTH-CHECK] health check is true

2020-06-12 01:43:01,373 INFO [HEALTH-CHECK] health check is true

2020-06-12 01:48:01,375 INFO [HEALTH-CHECK] health check is true

2020-06-12 01:53:01,388 INFO [HEALTH-CHECK] health check is true

2020-06-12 01:58:01,392 INFO [HEALTH-CHECK] health check is true

2020-06-12 02:03:01,396 INFO [HEALTH-CHECK] health check is true

2020-06-12 02:08:01,399 INFO [HEALTH-CHECK] health check is true

2020-06-12 02:13:01,401 INFO [HEALTH-CHECK] health check is true

2020-06-12 02:18:01,405 INFO [HEALTH-CHECK] health check is true

2020-06-12 02:23:01,409 INFO [HEALTH-CHECK] health check is true

2020-06-12 02:28:01,417 INFO [HEALTH-CHECK] health check is true

2020-06-12 02:33:01,423 INFO [HEALTH-CHECK] health check is true

2020-06-12 02:38:01,427 INFO [HEALTH-CHECK] health check is true

2020-06-12 02:43:01,419 INFO [HEALTH-CHECK] health check is true

2020-06-12 02:48:01,418 INFO [HEALTH-CHECK] health check is true

2020-06-12 02:53:01,418 INFO [HEALTH-CHECK] health check is true

2020-06-12 02:58:01,422 INFO [HEALTH-CHECK] health check is true

2020-06-12 03:03:01,430 INFO [HEALTH-CHECK] health check is true

2020-06-12 03:08:01,436 INFO [HEALTH-CHECK] health check is true

2020-06-12 03:13:01,441 INFO [HEALTH-CHECK] health check is true

2020-06-12 03:18:01,443 INFO [HEALTH-CHECK] health check is true

2020-06-12 03:23:01,447 INFO [HEALTH-CHECK] health check is true

2020-06-12 03:28:01,448 INFO [HEALTH-CHECK] health check is true

2020-06-12 03:33:01,451 INFO [HEALTH-CHECK] health check is true

2020-06-12 03:38:01,453 INFO [HEALTH-CHECK] health check is true

2020-06-12 03:43:01,456 INFO [HEALTH-CHECK] health check is true

2020-06-12 03:48:01,459 INFO [HEALTH-CHECK] health check is true

2020-06-12 03:53:01,461 INFO [HEALTH-CHECK] health check is true

2020-06-12 03:58:01,463 INFO [HEALTH-CHECK] health check is true

2020-06-12 04:03:01,466 INFO [HEALTH-CHECK] health check is true

2020-06-12 04:08:01,467 INFO [HEALTH-CHECK] health check is true

2020-06-12 04:13:01,470 INFO [HEALTH-CHECK] health check is true

2020-06-12 04:18:01,472 INFO [HEALTH-CHECK] health check is true

2020-06-12 04:23:01,474 INFO [HEALTH-CHECK] health check is true

2020-06-12 04:28:01,476 INFO [HEALTH-CHECK] health check is true

2020-06-12 04:33:01,479 INFO [HEALTH-CHECK] health check is true

2020-06-12 04:38:01,482 INFO [HEALTH-CHECK] health check is true

2020-06-12 04:43:01,482 INFO [HEALTH-CHECK] health check is true

2020-06-12 04:48:01,484 INFO [HEALTH-CHECK] health check is true

2020-06-12 04:53:01,485 INFO [HEALTH-CHECK] health check is true

2020-06-12 04:58:01,486 INFO [HEALTH-CHECK] health check is true

2020-06-12 05:03:01,487 INFO [HEALTH-CHECK] health check is true

2020-06-12 05:08:01,489 INFO [HEALTH-CHECK] health check is true

2020-06-12 05:13:01,490 INFO [HEALTH-CHECK] health check is true

2020-06-12 05:18:01,493 INFO [HEALTH-CHECK] health check is true

2020-06-12 05:23:01,496 INFO [HEALTH-CHECK] health check is true

2020-06-12 05:28:01,498 INFO [HEALTH-CHECK] health check is true

2020-06-12 05:33:01,499 INFO [HEALTH-CHECK] health check is true

2020-06-12 05:38:01,500 INFO [HEALTH-CHECK] health check is true

2020-06-12 05:43:01,502 INFO [HEALTH-CHECK] health check is true

2020-06-12 05:48:01,505 INFO [HEALTH-CHECK] health check is true

2020-06-12 05:53:01,510 INFO [HEALTH-CHECK] health check is true

2020-06-12 05:58:01,513 INFO [HEALTH-CHECK] health check is true

2020-06-12 06:03:01,516 INFO [HEALTH-CHECK] health check is true

2020-06-12 06:08:01,518 INFO [HEALTH-CHECK] health check is true

2020-06-12 06:13:01,521 INFO [HEALTH-CHECK] health check is true

2020-06-12 06:18:01,524 INFO [HEALTH-CHECK] health check is true

2020-06-12 06:23:01,527 INFO [HEALTH-CHECK] health check is true

2020-06-12 06:28:01,528 INFO [HEALTH-CHECK] health check is true

2020-06-12 06:33:01,532 INFO [HEALTH-CHECK] health check is true

2020-06-12 06:38:01,535 INFO [HEALTH-CHECK] health check is true

2020-06-12 06:43:01,535 INFO [HEALTH-CHECK] health check is true

2020-06-12 06:48:01,537 INFO [HEALTH-CHECK] health check is true

2020-06-12 06:53:01,538 INFO [HEALTH-CHECK] health check is true

2020-06-12 06:58:01,543 INFO [HEALTH-CHECK] health check is true

2020-06-12 07:03:01,545 INFO [HEALTH-CHECK] health check is true

2020-06-12 07:08:01,548 INFO [HEALTH-CHECK] health check is true

2020-06-12 07:13:01,550 INFO [HEALTH-CHECK] health check is true

2020-06-12 07:18:01,553 INFO [HEALTH-CHECK] health check is true

2020-06-12 07:23:01,554 INFO [HEALTH-CHECK] health check is true

2020-06-12 07:28:01,557 INFO [HEALTH-CHECK] health check is true

2020-06-12 07:33:01,559 INFO [HEALTH-CHECK] health check is true

2020-06-12 07:38:01,562 INFO [HEALTH-CHECK] health check is true

2020-06-12 07:43:01,563 INFO [HEALTH-CHECK] health check is true

2020-06-12 07:48:01,564 INFO [HEALTH-CHECK] health check is true

2020-06-12 07:53:01,565 INFO [HEALTH-CHECK] health check is true

2020-06-12 07:58:01,567 INFO [HEALTH-CHECK] health check is true

2020-06-12 08:03:01,569 INFO [HEALTH-CHECK] health check is true

2020-06-12 08:08:01,578 INFO [HEALTH-CHECK] health check is true

2020-06-12 08:13:01,581 INFO [HEALTH-CHECK] health check is true

2020-06-12 08:18:01,583 INFO [HEALTH-CHECK] health check is true

2020-06-12 08:23:01,587 INFO [HEALTH-CHECK] health check is true

2020-06-12 08:28:01,590 INFO [HEALTH-CHECK] health check is true

2020-06-12 08:33:01,593 INFO [HEALTH-CHECK] health check is true

2020-06-12 08:38:01,596 INFO [HEALTH-CHECK] health check is true

2020-06-12 08:43:01,598 INFO [HEALTH-CHECK] health check is true

2020-06-12 08:48:01,601 INFO [HEALTH-CHECK] health check is true

2020-06-12 08:53:01,604 INFO [HEALTH-CHECK] health check is true

2020-06-12 08:58:01,606 INFO [HEALTH-CHECK] health check is true

2020-06-12 09:03:01,609 INFO [HEALTH-CHECK] health check is true

2020-06-12 09:08:01,611 INFO [HEALTH-CHECK] health check is true

2020-06-12 09:13:01,612 INFO [HEALTH-CHECK] health check is true

2020-06-12 09:18:01,615 INFO [HEALTH-CHECK] health check is true

2020-06-12 09:23:01,617 INFO [HEALTH-CHECK] health check is true

2020-06-12 09:28:01,620 INFO [HEALTH-CHECK] health check is true

2020-06-12 09:33:01,623 INFO [HEALTH-CHECK] health check is true

2020-06-12 09:38:01,625 INFO [HEALTH-CHECK] health check is true

2020-06-12 09:43:01,629 INFO [HEALTH-CHECK] health check is true

2020-06-12 09:48:01,633 INFO [HEALTH-CHECK] health check is true

2020-06-12 09:53:01,636 INFO [HEALTH-CHECK] health check is true

2020-06-12 09:58:01,638 INFO [HEALTH-CHECK] health check is true

2020-06-12 10:03:01,640 INFO [HEALTH-CHECK] health check is true

2020-06-12 10:08:01,641 INFO [HEALTH-CHECK] health check is true

2020-06-12 10:13:01,642 INFO [HEALTH-CHECK] health check is true

2020-06-12 10:18:01,648 INFO [HEALTH-CHECK] health check is true

2020-06-12 10:23:01,654 INFO [HEALTH-CHECK] health check is true

2020-06-12 10:28:01,660 INFO [HEALTH-CHECK] health check is true

2020-06-12 10:33:01,667 INFO [HEALTH-CHECK] health check is true

2020-06-12 10:38:01,673 INFO [HEALTH-CHECK] health check is true

2020-06-12 10:43:01,678 INFO [HEALTH-CHECK] health check is true

2020-06-12 10:48:01,683 INFO [HEALTH-CHECK] health check is true

2020-06-12 10:53:01,687 INFO [HEALTH-CHECK] health check is true

2020-06-12 10:58:01,692 INFO [HEALTH-CHECK] health check is true

2020-06-12 11:03:01,709 INFO [HEALTH-CHECK] health check is true

2020-06-12 11:08:01,715 INFO [HEALTH-CHECK] health check is true

2020-06-12 11:13:01,718 INFO [HEALTH-CHECK] health check is true

2020-06-12 11:18:01,730 INFO [HEALTH-CHECK] health check is true

2020-06-12 11:23:01,734 INFO [HEALTH-CHECK] health check is true

2020-06-12 11:28:01,736 INFO [HEALTH-CHECK] health check is true

2020-06-12 11:33:01,739 INFO [HEALTH-CHECK] health check is true

2020-06-12 11:38:01,741 INFO [HEALTH-CHECK] health check is true

2020-06-12 11:43:01,746 INFO [HEALTH-CHECK] health check is true

2020-06-12 11:48:01,748 INFO [HEALTH-CHECK] health check is true

2020-06-12 11:53:01,751 INFO [HEALTH-CHECK] health check is true

2020-06-12 11:58:01,756 INFO [HEALTH-CHECK] health check is true

2020-06-12 12:03:01,759 INFO [HEALTH-CHECK] health check is true

2020-06-12 12:08:01,763 INFO [HEALTH-CHECK] health check is true

2020-06-12 12:13:01,766 INFO [HEALTH-CHECK] health check is true

2020-06-12 12:18:01,768 INFO [HEALTH-CHECK] health check is true

2020-06-12 12:23:01,776 INFO [HEALTH-CHECK] health check is true

2020-06-12 12:28:01,781 INFO [HEALTH-CHECK] health check is true

2020-06-12 12:33:01,784 INFO [HEALTH-CHECK] health check is true

2020-06-12 12:38:01,785 INFO [HEALTH-CHECK] health check is true

2020-06-12 12:43:01,782 INFO [HEALTH-CHECK] health check is true

2020-06-12 12:48:01,779 INFO [HEALTH-CHECK] health check is true

2020-06-12 12:53:01,777 INFO [HEALTH-CHECK] health check is true

2020-06-12 12:58:01,776 INFO [HEALTH-CHECK] health check is true

2020-06-12 13:03:01,775 INFO [HEALTH-CHECK] health check is true

2020-06-12 13:08:01,775 INFO [HEALTH-CHECK] health check is true

2020-06-12 13:13:01,775 INFO [HEALTH-CHECK] health check is true

2020-06-12 13:18:01,776 INFO [HEALTH-CHECK] health check is true

2020-06-12 13:23:01,776 INFO [HEALTH-CHECK] health check is true

2020-06-12 13:28:01,777 INFO [HEALTH-CHECK] health check is true

2020-06-12 13:33:01,778 INFO [HEALTH-CHECK] health check is true

2020-06-12 13:38:01,779 INFO [HEALTH-CHECK] health check is true

2020-06-12 13:43:01,780 INFO [HEALTH-CHECK] health check is true

2020-06-12 13:48:01,781 INFO [HEALTH-CHECK] health check is true

2020-06-12 13:53:01,782 INFO [HEALTH-CHECK] health check is true

2020-06-12 13:58:01,783 INFO [HEALTH-CHECK] health check is true

2020-06-12 14:03:01,784 INFO [HEALTH-CHECK] health check is true

2020-06-12 14:08:01,786 INFO [HEALTH-CHECK] health check is true

2020-06-12 14:13:01,786 INFO [HEALTH-CHECK] health check is true

2020-06-12 14:18:01,787 INFO [HEALTH-CHECK] health check is true

2020-06-12 14:23:01,790 INFO [HEALTH-CHECK] health check is true

2020-06-12 14:28:01,791 INFO [HEALTH-CHECK] health check is true

2020-06-12 14:33:01,794 INFO [HEALTH-CHECK] health check is true

2020-06-12 14:38:01,798 INFO [HEALTH-CHECK] health check is true

2020-06-12 14:43:01,799 INFO [HEALTH-CHECK] health check is true

2020-06-12 14:48:01,800 INFO [HEALTH-CHECK] health check is true

2020-06-12 14:53:01,801 INFO [HEALTH-CHECK] health check is true

2020-06-12 14:58:01,802 INFO [HEALTH-CHECK] health check is true

2020-06-12 15:03:01,803 INFO [HEALTH-CHECK] health check is true

2020-06-12 15:08:01,805 INFO [HEALTH-CHECK] health check is true

2020-06-12 15:13:01,808 INFO [HEALTH-CHECK] health check is true

2020-06-12 15:18:01,811 INFO [HEALTH-CHECK] health check is true

2020-06-12 15:23:01,814 INFO [HEALTH-CHECK] health check is true

2020-06-12 15:28:01,818 INFO [HEALTH-CHECK] health check is true

2020-06-12 15:33:01,819 INFO [HEALTH-CHECK] health check is true

2020-06-12 15:38:01,822 INFO [HEALTH-CHECK] health check is true

2020-06-12 15:43:01,825 INFO [HEALTH-CHECK] health check is true

2020-06-12 15:48:01,837 INFO [HEALTH-CHECK] health check is true

2020-06-12 15:53:01,842 INFO [HEALTH-CHECK] health check is true

2020-06-12 15:58:01,844 INFO [HEALTH-CHECK] health check is true

2020-06-12 16:03:01,846 INFO [HEALTH-CHECK] health check is true

2020-06-12 16:08:01,854 INFO [HEALTH-CHECK] health check is true

2020-06-13 10:37:44,045 INFO listen for service meta change

2020-06-13 10:37:49,693 INFO [SERVER-INIT] got port: 8848

2020-06-13 10:37:49,693 INFO [SERVER-INIT] got path: /nacos

2020-06-13 10:38:03,877 INFO [NACOS-DISTRO] healthy server list changed, disable health check for 60000 ms from now on

2020-06-13 10:38:17,139 INFO [HEALTH-CHECK] health check is false

2020-06-13 10:39:03,886 INFO [NACOS-DISTRO] distro threshold restored and stable now, enable health check. current ratio: 1.0

