2020-06-12 00:02:10,024 INFO PERFORMANCE:|1|0|-1|-1

2020-06-12 00:08:00,508 INFO PERFORMANCE:|1|0|-1|-1

2020-06-12 00:13:01,057 INFO PERFORMANCE:|1|0|-1|-1

2020-06-12 00:18:01,328 INFO PERFORMANCE:|1|0|-1|-1

2020-06-12 00:23:01,332 INFO PERFORMANCE:|1|0|-1|-1

2020-06-12 00:28:01,339 INFO PERFORMANCE:|1|0|-1|-1

2020-06-12 00:33:01,341 INFO PERFORMANCE:|1|0|-1|-1

2020-06-12 00:38:01,342 INFO PERFORMANCE:|1|0|-1|-1

2020-06-12 00:43:01,353 INFO PERFORMANCE:|1|0|-1|-1

2020-06-12 00:48:01,357 INFO PERFORMANCE:|1|0|-1|-1

2020-06-12 00:53:01,360 INFO PERFORMANCE:|1|0|-1|-1

2020-06-12 00:58:01,360 INFO PERFORMANCE:|1|0|-1|-1

2020-06-12 01:03:01,358 INFO PERFORMANCE:|1|0|-1|-1

2020-06-12 01:08:01,360 INFO PERFORMANCE:|1|0|-1|-1

2020-06-12 01:13:01,362 INFO PERFORMANCE:|1|0|-1|-1

2020-06-12 01:18:01,370 INFO PERFORMANCE:|1|0|-1|-1

2020-06-12 01:23:01,375 INFO PERFORMANCE:|1|0|-1|-1

2020-06-12 01:28:01,380 INFO PERFORMANCE:|1|0|-1|-1

2020-06-12 01:33:01,378 INFO PERFORMANCE:|1|0|-1|-1

2020-06-12 01:38:01,374 INFO PERFORMANCE:|1|0|-1|-1

2020-06-12 01:43:01,373 INFO PERFORMANCE:|1|0|-1|-1

2020-06-12 01:48:01,375 INFO PERFORMANCE:|1|0|-1|-1

2020-06-12 01:53:01,387 INFO PERFORMANCE:|1|0|-1|-1

2020-06-12 01:58:01,392 INFO PERFORMANCE:|1|0|-1|-1

2020-06-12 02:03:01,396 INFO PERFORMANCE:|1|0|-1|-1

2020-06-12 02:08:01,399 INFO PERFORMANCE:|1|0|-1|-1

2020-06-12 02:13:01,401 INFO PERFORMANCE:|1|0|-1|-1

2020-06-12 02:18:01,405 INFO PERFORMANCE:|1|0|-1|-1

2020-06-12 02:23:01,409 INFO PERFORMANCE:|1|0|-1|-1

2020-06-12 02:28:01,417 INFO PERFORMANCE:|1|0|-1|-1

2020-06-12 02:33:01,423 INFO PERFORMANCE:|1|0|-1|-1

2020-06-12 02:38:01,427 INFO PERFORMANCE:|1|0|-1|-1

2020-06-12 02:43:01,419 INFO PERFORMANCE:|1|0|-1|-1

2020-06-12 02:48:01,418 INFO PERFORMANCE:|1|0|-1|-1

2020-06-12 02:53:01,418 INFO PERFORMANCE:|1|0|-1|-1

2020-06-12 02:58:01,422 INFO PERFORMANCE:|1|0|-1|-1

2020-06-12 03:03:01,430 INFO PERFORMANCE:|1|0|-1|-1

2020-06-12 03:08:01,436 INFO PERFORMANCE:|1|0|-1|-1

2020-06-12 03:13:01,441 INFO PERFORMANCE:|1|0|-1|-1

2020-06-12 03:18:01,443 INFO PERFORMANCE:|1|0|-1|-1

2020-06-12 03:23:01,447 INFO PERFORMANCE:|1|0|-1|-1

2020-06-12 03:28:01,448 INFO PERFORMANCE:|1|0|-1|-1

2020-06-12 03:33:01,451 INFO PERFORMANCE:|1|0|-1|-1

2020-06-12 03:38:01,453 INFO PERFORMANCE:|1|0|-1|-1

2020-06-12 03:43:01,456 INFO PERFORMANCE:|1|0|-1|-1

2020-06-12 03:48:01,459 INFO PERFORMANCE:|1|0|-1|-1

2020-06-12 03:53:01,460 INFO PERFORMANCE:|1|0|-1|-1

2020-06-12 03:58:01,463 INFO PERFORMANCE:|1|0|-1|-1

2020-06-12 04:03:01,466 INFO PERFORMANCE:|1|0|-1|-1

2020-06-12 04:08:01,467 INFO PERFORMANCE:|1|0|-1|-1

2020-06-12 04:13:01,470 INFO PERFORMANCE:|1|0|-1|-1

2020-06-12 04:18:01,472 INFO PERFORMANCE:|1|0|-1|-1

2020-06-12 04:23:01,474 INFO PERFORMANCE:|1|0|-1|-1

2020-06-12 04:28:01,476 INFO PERFORMANCE:|1|0|-1|-1

2020-06-12 04:33:01,479 INFO PERFORMANCE:|1|0|-1|-1

2020-06-12 04:38:01,482 INFO PERFORMANCE:|1|0|-1|-1

2020-06-12 04:43:01,482 INFO PERFORMANCE:|1|0|-1|-1

2020-06-12 04:48:01,484 INFO PERFORMANCE:|1|0|-1|-1

2020-06-12 04:53:01,485 INFO PERFORMANCE:|1|0|-1|-1

2020-06-12 04:58:01,486 INFO PERFORMANCE:|1|0|-1|-1

2020-06-12 05:03:01,487 INFO PERFORMANCE:|1|0|-1|-1

2020-06-12 05:08:01,489 INFO PERFORMANCE:|1|0|-1|-1

2020-06-12 05:13:01,490 INFO PERFORMANCE:|1|0|-1|-1

2020-06-12 05:18:01,493 INFO PERFORMANCE:|1|0|-1|-1

2020-06-12 05:23:01,496 INFO PERFORMANCE:|1|0|-1|-1

2020-06-12 05:28:01,498 INFO PERFORMANCE:|1|0|-1|-1

2020-06-12 05:33:01,499 INFO PERFORMANCE:|1|0|-1|-1

2020-06-12 05:38:01,500 INFO PERFORMANCE:|1|0|-1|-1

2020-06-12 05:43:01,502 INFO PERFORMANCE:|1|0|-1|-1

2020-06-12 05:48:01,505 INFO PERFORMANCE:|1|0|-1|-1

2020-06-12 05:53:01,510 INFO PERFORMANCE:|1|0|-1|-1

2020-06-12 05:58:01,513 INFO PERFORMANCE:|1|0|-1|-1

2020-06-12 06:03:01,515 INFO PERFORMANCE:|1|0|-1|-1

2020-06-12 06:08:01,517 INFO PERFORMANCE:|1|0|-1|-1

2020-06-12 06:13:01,521 INFO PERFORMANCE:|1|0|-1|-1

2020-06-12 06:18:01,524 INFO PERFORMANCE:|1|0|-1|-1

2020-06-12 06:23:01,527 INFO PERFORMANCE:|1|0|-1|-1

2020-06-12 06:28:01,528 INFO PERFORMANCE:|1|0|-1|-1

2020-06-12 06:33:01,531 INFO PERFORMANCE:|1|0|-1|-1

2020-06-12 06:38:01,535 INFO PERFORMANCE:|1|0|-1|-1

2020-06-12 06:43:01,535 INFO PERFORMANCE:|1|0|-1|-1

2020-06-12 06:48:01,537 INFO PERFORMANCE:|1|0|-1|-1

2020-06-12 06:53:01,538 INFO PERFORMANCE:|1|0|-1|-1

2020-06-12 06:58:01,543 INFO PERFORMANCE:|1|0|-1|-1

2020-06-12 07:03:01,545 INFO PERFORMANCE:|1|0|-1|-1

2020-06-12 07:08:01,548 INFO PERFORMANCE:|1|0|-1|-1

2020-06-12 07:13:01,550 INFO PERFORMANCE:|1|0|-1|-1

2020-06-12 07:18:01,553 INFO PERFORMANCE:|1|0|-1|-1

2020-06-12 07:23:01,554 INFO PERFORMANCE:|1|0|-1|-1

2020-06-12 07:28:01,557 INFO PERFORMANCE:|1|0|-1|-1

2020-06-12 07:33:01,559 INFO PERFORMANCE:|1|0|-1|-1

2020-06-12 07:38:01,562 INFO PERFORMANCE:|1|0|-1|-1

2020-06-12 07:43:01,563 INFO PERFORMANCE:|1|0|-1|-1

2020-06-12 07:48:01,564 INFO PERFORMANCE:|1|0|-1|-1

2020-06-12 07:53:01,565 INFO PERFORMANCE:|1|0|-1|-1

2020-06-12 07:58:01,567 INFO PERFORMANCE:|1|0|-1|-1

2020-06-12 08:03:01,569 INFO PERFORMANCE:|1|0|-1|-1

2020-06-12 08:08:01,578 INFO PERFORMANCE:|1|0|-1|-1

2020-06-12 08:13:01,581 INFO PERFORMANCE:|1|0|-1|-1

2020-06-12 08:18:01,583 INFO PERFORMANCE:|1|0|-1|-1

2020-06-12 08:23:01,587 INFO PERFORMANCE:|1|0|-1|-1

2020-06-12 08:28:01,590 INFO PERFORMANCE:|1|0|-1|-1

2020-06-12 08:33:01,593 INFO PERFORMANCE:|1|0|-1|-1

2020-06-12 08:38:01,595 INFO PERFORMANCE:|1|0|-1|-1

2020-06-12 08:43:01,598 INFO PERFORMANCE:|1|0|-1|-1

2020-06-12 08:48:01,601 INFO PERFORMANCE:|1|0|-1|-1

2020-06-12 08:53:01,604 INFO PERFORMANCE:|1|0|-1|-1

2020-06-12 08:58:01,606 INFO PERFORMANCE:|1|0|-1|-1

2020-06-12 09:03:01,609 INFO PERFORMANCE:|1|0|-1|-1

2020-06-12 09:08:01,611 INFO PERFORMANCE:|1|0|-1|-1

2020-06-12 09:13:01,612 INFO PERFORMANCE:|1|0|-1|-1

2020-06-12 09:18:01,615 INFO PERFORMANCE:|1|0|-1|-1

2020-06-12 09:23:01,617 INFO PERFORMANCE:|1|0|-1|-1

2020-06-12 09:28:01,620 INFO PERFORMANCE:|1|0|-1|-1

2020-06-12 09:33:01,623 INFO PERFORMANCE:|1|0|-1|-1

2020-06-12 09:38:01,625 INFO PERFORMANCE:|1|0|-1|-1

2020-06-12 09:43:01,629 INFO PERFORMANCE:|1|0|-1|-1

2020-06-12 09:48:01,633 INFO PERFORMANCE:|1|0|-1|-1

2020-06-12 09:53:01,636 INFO PERFORMANCE:|1|0|-1|-1

2020-06-12 09:58:01,638 INFO PERFORMANCE:|1|0|-1|-1

2020-06-12 10:03:01,640 INFO PERFORMANCE:|1|0|-1|-1

2020-06-12 10:08:01,641 INFO PERFORMANCE:|1|0|-1|-1

2020-06-12 10:13:01,641 INFO PERFORMANCE:|1|0|-1|-1

2020-06-12 10:18:01,645 INFO PERFORMANCE:|1|0|-1|-1

2020-06-12 10:23:01,654 INFO PERFORMANCE:|1|0|-1|-1

2020-06-12 10:28:01,660 INFO PERFORMANCE:|1|0|-1|-1

2020-06-12 10:33:01,667 INFO PERFORMANCE:|1|0|-1|-1

2020-06-12 10:38:01,673 INFO PERFORMANCE:|1|0|-1|-1

2020-06-12 10:43:01,678 INFO PERFORMANCE:|1|0|-1|-1

2020-06-12 10:48:01,683 INFO PERFORMANCE:|1|0|-1|-1

2020-06-12 10:53:01,687 INFO PERFORMANCE:|1|0|-1|-1

2020-06-12 10:58:01,692 INFO PERFORMANCE:|1|0|-1|-1

2020-06-12 11:03:01,708 INFO PERFORMANCE:|1|0|-1|-1

2020-06-12 11:08:01,715 INFO PERFORMANCE:|1|0|-1|-1

2020-06-12 11:13:01,718 INFO PERFORMANCE:|1|0|-1|-1

2020-06-12 11:18:01,729 INFO PERFORMANCE:|1|0|-1|-1

2020-06-12 11:23:01,734 INFO PERFORMANCE:|1|0|-1|-1

2020-06-12 11:28:01,736 INFO PERFORMANCE:|1|0|-1|-1

2020-06-12 11:33:01,739 INFO PERFORMANCE:|1|0|-1|-1

2020-06-12 11:38:01,741 INFO PERFORMANCE:|1|0|-1|-1

2020-06-12 11:43:01,746 INFO PERFORMANCE:|1|0|-1|-1

2020-06-12 11:48:01,748 INFO PERFORMANCE:|1|0|-1|-1

2020-06-12 11:53:01,751 INFO PERFORMANCE:|1|0|-1|-1

2020-06-12 11:58:01,756 INFO PERFORMANCE:|1|0|-1|-1

2020-06-12 12:03:01,759 INFO PERFORMANCE:|1|0|-1|-1

2020-06-12 12:08:01,763 INFO PERFORMANCE:|1|0|-1|-1

2020-06-12 12:13:01,766 INFO PERFORMANCE:|1|0|-1|-1

2020-06-12 12:18:01,768 INFO PERFORMANCE:|1|0|-1|-1

2020-06-12 12:23:01,776 INFO PERFORMANCE:|1|0|-1|-1

2020-06-12 12:28:01,781 INFO PERFORMANCE:|1|0|-1|-1

2020-06-12 12:33:01,784 INFO PERFORMANCE:|1|0|-1|-1

2020-06-12 12:38:01,785 INFO PERFORMANCE:|1|0|-1|-1

2020-06-12 12:43:01,782 INFO PERFORMANCE:|1|0|-1|-1

2020-06-12 12:48:01,779 INFO PERFORMANCE:|1|0|-1|-1

2020-06-12 12:53:01,777 INFO PERFORMANCE:|1|0|-1|-1

2020-06-12 12:58:01,776 INFO PERFORMANCE:|1|0|-1|-1

2020-06-12 13:03:01,775 INFO PERFORMANCE:|1|0|-1|-1

2020-06-12 13:08:01,775 INFO PERFORMANCE:|1|0|-1|-1

2020-06-12 13:13:01,775 INFO PERFORMANCE:|1|0|-1|-1

2020-06-12 13:18:01,776 INFO PERFORMANCE:|1|0|-1|-1

2020-06-12 13:23:01,776 INFO PERFORMANCE:|1|0|-1|-1

2020-06-12 13:28:01,777 INFO PERFORMANCE:|1|0|-1|-1

2020-06-12 13:33:01,778 INFO PERFORMANCE:|1|0|-1|-1

2020-06-12 13:38:01,779 INFO PERFORMANCE:|1|0|-1|-1

2020-06-12 13:43:01,780 INFO PERFORMANCE:|1|0|-1|-1

2020-06-12 13:48:01,781 INFO PERFORMANCE:|1|0|-1|-1

2020-06-12 13:53:01,782 INFO PERFORMANCE:|1|0|-1|-1

2020-06-12 13:58:01,783 INFO PERFORMANCE:|1|0|-1|-1

2020-06-12 14:03:01,784 INFO PERFORMANCE:|1|0|-1|-1

2020-06-12 14:08:01,786 INFO PERFORMANCE:|1|0|-1|-1

2020-06-12 14:13:01,786 INFO PERFORMANCE:|1|0|-1|-1

2020-06-12 14:18:01,787 INFO PERFORMANCE:|1|0|-1|-1

2020-06-12 14:23:01,790 INFO PERFORMANCE:|1|0|-1|-1

2020-06-12 14:28:01,791 INFO PERFORMANCE:|1|0|-1|-1

2020-06-12 14:33:01,794 INFO PERFORMANCE:|1|0|-1|-1

2020-06-12 14:38:01,797 INFO PERFORMANCE:|1|0|-1|-1

2020-06-12 14:43:01,799 INFO PERFORMANCE:|1|0|-1|-1

2020-06-12 14:48:01,800 INFO PERFORMANCE:|1|0|-1|-1

2020-06-12 14:53:01,801 INFO PERFORMANCE:|1|0|-1|-1

2020-06-12 14:58:01,802 INFO PERFORMANCE:|1|0|-1|-1

2020-06-12 15:03:01,803 INFO PERFORMANCE:|1|0|-1|-1

2020-06-12 15:08:01,805 INFO PERFORMANCE:|1|0|-1|-1

2020-06-12 15:13:01,808 INFO PERFORMANCE:|1|0|-1|-1

2020-06-12 15:18:01,811 INFO PERFORMANCE:|1|0|-1|-1

2020-06-12 15:23:01,814 INFO PERFORMANCE:|1|0|-1|-1

2020-06-12 15:28:01,818 INFO PERFORMANCE:|1|0|-1|-1

2020-06-12 15:33:01,819 INFO PERFORMANCE:|1|0|-1|-1

2020-06-12 15:38:01,822 INFO PERFORMANCE:|1|0|-1|-1

2020-06-12 15:43:01,825 INFO PERFORMANCE:|1|0|-1|-1

2020-06-12 15:48:01,836 INFO PERFORMANCE:|1|0|-1|-1

2020-06-12 15:53:01,840 INFO PERFORMANCE:|1|0|-1|-1

2020-06-12 15:58:01,844 INFO PERFORMANCE:|1|0|-1|-1

2020-06-12 16:03:01,846 INFO PERFORMANCE:|1|0|-1|-1

2020-06-12 16:08:01,851 INFO PERFORMANCE:|1|0|-1|-1

2020-06-13 10:38:17,139 INFO PERFORMANCE:|0|0|-1|-1

